-------------------------------------------------------------------------------
Test set: tests.UserUpdateTests
-------------------------------------------------------------------------------
Tests run: 2, Failures: 1, Errors: 0, Skipped: 0, Time elapsed: 0.39 s <<< FAILURE! - in tests.UserUpdateTests
tests.UserUpdateTests.testUpdateUserWithAuth  Time elapsed: 0.183 s  <<< FAILURE!
java.lang.AssertionError: 
1 expectation failed.
Expected status code <200> but was <401>.

	at tests.UserUpdateTests.testUpdateUserWithAuth(UserUpdateTests.java:18)

